[0.000][core]-[Info]-[DjiCore_Init:106) Payload SDK Version : V3.9.2-beta.0-build.2125
[0.001][utils]-[Debug]-[DjiCore_RootTask:131) work execution time:
[0.001][utils]-[Debug]-[DjiCore_RootTask:132) name	                execution time (ms)	  max execution time (ms)
[0.001][utils]-[Debug]-[DjiCore_RootTask:134) recorderWork                    	0       	0       
[0.001][utils]-[Debug]-[DjiCore_RootTask:134) flowControllerTask              	0       	0       
[0.018][linker]-[Debug]-[DjiLinker_Init:128) init linker success, protocol:2, channelId:0
[0.019][linker]-[Debug]-[DjiProtocol_v1Pack:123) <0000>V1-Send: 0x0A06->0x0300 0x03FD
[0.034][linker]-[Debug]-[DjiProtocol_v1Unpack:215) <0000>V1-Recv: 0x0300->0x0A06 0x03FD
[0.039][linker]-[Debug]-[DjiProtocol_v1Pack:123) <0x01>V1-Send: 0x0A06->0x0300 0x03FD
[0.042][linker]-[Debug]-[DjiLinker_DeInit:170) deinit linker success, protocol:2, channelId:0
[0.042][adapter]-[Info]-[DjiAccessAdapter_Init:231) Identify aircraft series is Mavic 3 Series
[0.042][adapter]-[Info]-[DjiAccessAdapter_Init:264) Identify mount position type is Extension Port Type
[0.042][linker]-[Debug]-[DjiCommand_Init:158) config list channel id:2
[0.049][linker]-[Debug]-[DjiLinker_Init:128) init linker success, protocol:2, channelId:0
[0.049][linker]-[Debug]-[DjiCommand_Init:167) add linker node count:1
[0.049][adapter]-[Info]-[DjiAccessAdapter_Init:365) Identity uart0 baudrate is 921600 bps
[0.053][linker]-[Debug]-[DjiLinker_DeInit:170) deinit linker success, protocol:2, channelId:0
[0.053][linker]-[Debug]-[DjiCommand_UpdateConfig:289) config list channel id:2
[0.060][linker]-[Debug]-[DjiLinker_Init:128) init linker success, protocol:2, channelId:0
[0.060][linker]-[Debug]-[DjiCommand_UpdateConfig:298) add linker node count:1
[0.060][linker]-[Debug]-[DjiCommand_UpdateConfig:289) config list channel id:2
[0.063][linker]-[Debug]-[DjiLinker_Init:128) init linker success, protocol:2, channelId:2
[0.063][linker]-[Debug]-[DjiCommand_UpdateConfig:298) add linker node count:2
[0.063][linker]-[Debug]-[DjiProtocol_v1Pack:123) <0000>V1-Send: 0x0A06->0x0306 0x0001
[0.063][linker]-[Debug]-[DjiCommand_SendAsync:497) Max wait ack item count is 32.
[0.564][linker]-[Warn]-[DjiCommand_SendAsyncHandle:963) <0000>Command async send retry: index = 0, retryTimes = 3, 0x0A06->0x0306 0x0001
[0.564][linker]-[Debug]-[DjiProtocol_v1Pack:123) <0000>V1-Send: 0x0A06->0x0306 0x0001
[1.065][linker]-[Warn]-[DjiCommand_SendAsyncHandle:963) <0000>Command async send retry: index = 0, retryTimes = 2, 0x0A06->0x0306 0x0001
[1.065][linker]-[Debug]-[DjiProtocol_v1Pack:123) <0000>V1-Send: 0x0A06->0x0306 0x0001
[1.066][utils]-[Debug]-[DjiCore_RootTask:131) work execution time:
[1.066][utils]-[Debug]-[DjiCore_RootTask:132) name	                execution time (ms)	  max execution time (ms)
[1.066][utils]-[Debug]-[DjiCore_RootTask:134) recorderWork                    	1       	1       
[1.066][utils]-[Debug]-[DjiCore_RootTask:134) flowControllerTask              	0       	0       
[1.066][utils]-[Debug]-[DjiCore_RootTask:134) commandTask                     	1       	1       
[1.566][linker]-[Warn]-[DjiCommand_SendAsyncHandle:963) <0000>Command async send retry: index = 0, retryTimes = 1, 0x0A06->0x0306 0x0001
[1.566][linker]-[Debug]-[DjiProtocol_v1Pack:123) <0000>V1-Send: 0x0A06->0x0306 0x0001
[2.067][linker]-[Error]-[DjiCommand_SendAsyncHandle:975) Command async send error 0
[2.067][linker]-[Debug]-[DjiCommand_SendAsyncHandle:994) Timeout func deal about: 0 ms
[2.067][linker]-[Error]-[DjiCommand_SendSync:550) sendSync callback timeout
[2.067][adapter]-[Error]-[DjiAccessAdapter_Init:488) Faile to handshake with aircraft M3. Error code 0x000000E1
[2.067][core]-[Error]-[DjiCore_Init:126) Access adapter init error, stat:225
