[0.001][core]-[Info]-[DjiCore_Init:106) Payload SDK Version : V3.9.2-beta.0-build.2125
[0.002][utils]-[Debug]-[DjiCore_RootTask:131) work execution time:
[0.002][utils]-[Debug]-[DjiCore_RootTask:132) name	                execution time (ms)	  max execution time (ms)
[0.002][utils]-[Debug]-[DjiCore_RootTask:134) recorderWork                    	0       	0       
[0.002][utils]-[Debug]-[DjiCore_RootTask:134) flowControllerTask              	0       	0       
[0.019][linker]-[Debug]-[DjiLinker_Init:128) init linker success, protocol:2, channelId:0
[0.019][linker]-[Debug]-[DjiProtocol_v1Pack:123) <0000>V1-Send: 0x0A06->0x0300 0x03FD
[0.034][linker]-[Debug]-[DjiProtocol_v1Unpack:215) <0000>V1-Recv: 0x0300->0x0A06 0x03FD
[0.039][linker]-[Debug]-[DjiProtocol_v1Pack:123) <0x01>V1-Send: 0x0A06->0x0300 0x03FD
[0.044][linker]-[Debug]-[DjiLinker_DeInit:170) deinit linker success, protocol:2, channelId:0
[0.044][adapter]-[Info]-[DjiAccessAdapter_Init:231) Identify aircraft series is Mavic 3 Series
[0.044][adapter]-[Info]-[DjiAccessAdapter_Init:264) Identify mount position type is Extension Port Type
[0.044][linker]-[Debug]-[DjiCommand_Init:158) config list channel id:2
[0.051][linker]-[Debug]-[DjiLinker_Init:128) init linker success, protocol:2, channelId:0
[0.051][linker]-[Debug]-[DjiCommand_Init:167) add linker node count:1
[0.051][adapter]-[Info]-[DjiAccessAdapter_Init:365) Identity uart0 baudrate is 921600 bps
[0.055][linker]-[Debug]-[DjiLinker_DeInit:170) deinit linker success, protocol:2, channelId:0
[0.055][linker]-[Debug]-[DjiCommand_UpdateConfig:289) config list channel id:2
[0.061][linker]-[Debug]-[DjiLinker_Init:128) init linker success, protocol:2, channelId:0
[0.061][linker]-[Debug]-[DjiCommand_UpdateConfig:298) add linker node count:1
[0.061][linker]-[Debug]-[DjiCommand_UpdateConfig:289) config list channel id:2
[0.063][linker]-[Debug]-[DjiLinker_Init:128) init linker success, protocol:2, channelId:2
[0.063][linker]-[Debug]-[DjiCommand_UpdateConfig:298) add linker node count:2
[0.063][linker]-[Debug]-[DjiProtocol_v1Pack:123) <0000>V1-Send: 0x0A06->0x0306 0x0001
[0.063][linker]-[Debug]-[DjiCommand_SendAsync:497) Max wait ack item count is 32.
[0.565][linker]-[Warn]-[DjiCommand_SendAsyncHandle:963) <0000>Command async send retry: index = 0, retryTimes = 3, 0x0A06->0x0306 0x0001
[0.565][linker]-[Debug]-[DjiProtocol_v1Pack:123) <0000>V1-Send: 0x0A06->0x0306 0x0001
[1.065][linker]-[Warn]-[DjiCommand_SendAsyncHandle:963) <0000>Command async send retry: index = 0, retryTimes = 2, 0x0A06->0x0306 0x0001
[1.065][linker]-[Debug]-[DjiProtocol_v1Pack:123) <0000>V1-Send: 0x0A06->0x0306 0x0001
[1.067][utils]-[Debug]-[DjiCore_RootTask:131) work execution time:
[1.067][utils]-[Debug]-[DjiCore_RootTask:132) name	                execution time (ms)	  max execution time (ms)
[1.067][utils]-[Debug]-[DjiCore_RootTask:134) recorderWork                    	0       	0       
[1.067][utils]-[Debug]-[DjiCore_RootTask:134) flowControllerTask              	0       	0       
[1.067][utils]-[Debug]-[DjiCore_RootTask:134) commandTask                     	1       	1       
